2023-11-17 00:29:47.638  INFO 6109 --- [restartedMain] com.fag.watchpro.WatchproApplication     : Starting WatchproApplication using Java 17.0.8.1 with PID 6109 (/home/mrbens/workspace/watchpro/target/classes started by mrbens in /home/mrbens/workspace/watchpro)
2023-11-17 00:29:47.639 DEBUG 6109 --- [restartedMain] com.fag.watchpro.WatchproApplication     : Running with Spring Boot v2.6.3, Spring v5.3.15
2023-11-17 00:29:47.639  INFO 6109 --- [restartedMain] com.fag.watchpro.WatchproApplication     : No active profile set, falling back to default profiles: default
2023-11-17 00:29:47.734  INFO 6109 --- [restartedMain] o.s.b.w.embedded.tomcat.TomcatWebServer  : Tomcat initialized with port(s): 8080 (http)
2023-11-17 00:29:47.735  INFO 6109 --- [restartedMain] o.apache.catalina.core.StandardService   : Starting service [Tomcat]
2023-11-17 00:29:47.735  INFO 6109 --- [restartedMain] org.apache.catalina.core.StandardEngine  : Starting Servlet engine: [Apache Tomcat/9.0.56]
2023-11-17 00:29:47.739  INFO 6109 --- [restartedMain] o.a.c.c.C.[Tomcat].[localhost].[/]       : Initializing Spring embedded WebApplicationContext
2023-11-17 00:29:47.739  INFO 6109 --- [restartedMain] w.s.c.ServletWebServerApplicationContext : Root WebApplicationContext: initialization completed in 98 ms
2023-11-17 00:29:47.785  INFO 6109 --- [restartedMain] o.s.b.d.a.OptionalLiveReloadServer       : LiveReload server is running on port 35729
2023-11-17 00:29:47.790  INFO 6109 --- [restartedMain] o.s.b.w.embedded.tomcat.TomcatWebServer  : Tomcat started on port(s): 8080 (http) with context path ''
2023-11-17 00:29:47.793  INFO 6109 --- [restartedMain] com.fag.watchpro.WatchproApplication     : Started WatchproApplication in 0.201 seconds (JVM running for 486.941)
2023-11-17 00:29:47.794  INFO 6109 --- [restartedMain] .ConditionEvaluationDeltaLoggingListener : Condition evaluation unchanged
2023-11-17 00:29:52.048  INFO 6109 --- [http-nio-8080-exec-1] o.a.c.c.C.[Tomcat].[localhost].[/]       : Initializing Spring DispatcherServlet 'dispatcherServlet'
2023-11-17 00:29:52.048  INFO 6109 --- [http-nio-8080-exec-1] o.s.web.servlet.DispatcherServlet        : Initializing Servlet 'dispatcherServlet'
2023-11-17 00:29:52.050  INFO 6109 --- [http-nio-8080-exec-1] o.s.web.servlet.DispatcherServlet        : Completed initialization in 2 ms
2023-11-17 00:29:52.053  INFO 6109 --- [http-nio-8080-exec-1] c.f.w.controller.WatchlistController     : GET /watchlistItem called
2023-11-17 00:29:58.941  INFO 6109 --- [http-nio-8080-exec-2] c.f.w.controller.WatchlistController     : GET /watchlistItem called
2023-11-17 00:29:58.954  INFO 6109 --- [http-nio-8080-exec-3] c.f.w.controller.WatchlistController     : GET /watchlist called
2023-11-17 00:29:59.012 DEBUG 6109 --- [http-nio-8080-exec-3] c.f.w.s.MovieRatingServiceLiveImpl       : OMDB API response: {"Title":"The Avengers","Year":"2012","Rated":"PG-13","Released":"04 May 2012","Runtime":"143 min","Genre":"Action, Sci-Fi","Director":"Joss Whedon","Writer":"Joss Whedon, Zak Penn","Actors":"Robert Downey Jr., Chris Evans, Scarlett Johansson","Plot":"Earth's mightiest heroes must come together and learn to fight as a team if they are going to stop the mischievous Loki and his alien army from enslaving humanity.","Language":"English, Russian","Country":"United States","Awards":"Nominated for 1 Oscar. 38 wins & 80 nominations total","Poster":"https://m.media-amazon.com/images/M/MV5BNDYxNjQyMjAtNTdiOS00NGYwLWFmNTAtNThmYjU5ZGI2YTI1XkEyXkFqcGdeQXVyMTMxODk2OTU@._V1_SX300.jpg","Ratings":[{"Source":"Internet Movie Database","Value":"8.0/10"},{"Source":"Rotten Tomatoes","Value":"91%"},{"Source":"Metacritic","Value":"69/100"}],"Metascore":"69","imdbRating":"8.0","imdbVotes":"1,437,774","imdbID":"tt0848228","Type":"movie","DVD":"22 Jun 2014","BoxOffice":"$623,357,910","Production":"N/A","Website":"N/A","Response":"True"}
2023-11-17 00:30:34.518  INFO 6109 --- [http-nio-8080-exec-4] c.f.w.controller.WatchlistController     : GET /watchlist called
2023-11-17 00:30:34.576 DEBUG 6109 --- [http-nio-8080-exec-4] c.f.w.s.MovieRatingServiceLiveImpl       : OMDB API response: {"Title":"The Avengers","Year":"2012","Rated":"PG-13","Released":"04 May 2012","Runtime":"143 min","Genre":"Action, Sci-Fi","Director":"Joss Whedon","Writer":"Joss Whedon, Zak Penn","Actors":"Robert Downey Jr., Chris Evans, Scarlett Johansson","Plot":"Earth's mightiest heroes must come together and learn to fight as a team if they are going to stop the mischievous Loki and his alien army from enslaving humanity.","Language":"English, Russian","Country":"United States","Awards":"Nominated for 1 Oscar. 38 wins & 80 nominations total","Poster":"https://m.media-amazon.com/images/M/MV5BNDYxNjQyMjAtNTdiOS00NGYwLWFmNTAtNThmYjU5ZGI2YTI1XkEyXkFqcGdeQXVyMTMxODk2OTU@._V1_SX300.jpg","Ratings":[{"Source":"Internet Movie Database","Value":"8.0/10"},{"Source":"Rotten Tomatoes","Value":"91%"},{"Source":"Metacritic","Value":"69/100"}],"Metascore":"69","imdbRating":"8.0","imdbVotes":"1,437,774","imdbID":"tt0848228","Type":"movie","DVD":"22 Jun 2014","BoxOffice":"$623,357,910","Production":"N/A","Website":"N/A","Response":"True"}
